<?xml version="1.0" encoding="UTF-8"?>
<testng-results skipped="0" failed="0" ignored="0" total="1" passed="1">
  <reporter-output>
  </reporter-output>
  <suite name="Suite" duration-ms="55" started-at="2022-08-16T10:20:19Z" finished-at="2022-08-16T10:20:19Z">
    <groups>
    </groups>
    <test name="Test" duration-ms="55" started-at="2022-08-16T10:20:19Z" finished-at="2022-08-16T10:20:19Z">
      <class name="myTests.TestNow">
        <test-method status="PASS" signature="test1()[pri:0, instance:myTests.TestNow@1b68b9a4]" name="test1" duration-ms="16" started-at="2022-08-16T10:20:19Z" finished-at="2022-08-16T10:20:19Z">
          <reporter-output>
          </reporter-output>
        </test-method> <!-- test1 -->
      </class> <!-- myTests.TestNow -->
    </test> <!-- Test -->
  </suite> <!-- Suite -->
</testng-results>
